android/app/build/intermediates/manifest_merge_blame_file/debug/manifest-merger-blame-debug-report.txt
1<?xml version="1.0" encoding="utf-8"?>
2<manifest xmlns:android="http://schemas.android.com/apk/res/android"
3    package="com.myapp1"
4    android:versionCode="1"
5    android:versionName="1.0" >
6
7    <uses-sdk
8        android:minSdkVersion="21"
9        android:targetSdkVersion="33" />
10
11    <uses-permission android:name="android.permission.SYSTEM_ALERT_WINDOW" />
11-->src\main\AndroidManifest.xml:5:3-75
11-->src\main\AndroidManifest.xml:5:20-73
12    <uses-permission android:name="android.permission.INTERNET" />
12-->src\main\AndroidManifest.xml:3:3-64
12-->src\main\AndroidManifest.xml:3:20-62
13    <uses-permission android:name="android.permission.VIBRATE" /> <!-- These require runtime permissions on M -->
13-->src\main\AndroidManifest.xml:6:3-63
13-->src\main\AndroidManifest.xml:6:20-61
14    <uses-permission android:name="android.permission.READ_EXTERNAL_STORAGE" />
14-->src\main\AndroidManifest.xml:8:3-77
14-->src\main\AndroidManifest.xml:8:20-75
15    <uses-permission android:name="android.permission.WRITE_EXTERNAL_STORAGE" /> <!-- END OPTIONAL PERMISSIONS -->
15-->src\main\AndroidManifest.xml:9:3-78
15-->src\main\AndroidManifest.xml:9:20-76
16    <queries>
16-->src\main\AndroidManifest.xml:12:3-19:13
17
18        <!-- Support checking for http(s) links via the Linking API -->
19        <intent>
19-->src\main\AndroidManifest.xml:14:5-18:14
20            <action android:name="android.intent.action.VIEW" />
20-->src\main\AndroidManifest.xml:15:7-59
20-->src\main\AndroidManifest.xml:15:15-56
21
22            <category android:name="android.intent.category.BROWSABLE" />
22-->src\main\AndroidManifest.xml:16:7-68
22-->src\main\AndroidManifest.xml:16:17-65
23
24            <data android:scheme="https" />
24-->src\main\AndroidManifest.xml:17:7-38
24-->src\main\AndroidManifest.xml:17:13-35
25        </intent>
26        <!-- Query open documents -->
27        <intent>
27-->[:expo-file-system] AndroidManifest.xml:15:9-17:18
28            <action android:name="android.intent.action.OPEN_DOCUMENT_TREE" />
28-->[:expo-file-system] AndroidManifest.xml:16:13-79
28-->[:expo-file-system] AndroidManifest.xml:16:21-76
29        </intent>
30    </queries>
31
32    <uses-permission android:name="android.permission.ACCESS_WIFI_STATE" /> <!-- required for API 18 - 30 -->
32-->[com.facebook.flipper:flipper:0.182.0] AndroidManifest.xml:16:5-76
32-->[com.facebook.flipper:flipper:0.182.0] AndroidManifest.xml:16:22-73
33    <uses-permission
33-->[com.polidea.rxandroidble2:rxandroidble:1.17.2] AndroidManifest.xml:10:5-12:38
34        android:name="android.permission.BLUETOOTH"
34-->[com.polidea.rxandroidble2:rxandroidble:1.17.2] AndroidManifest.xml:11:9-52
35        android:maxSdkVersion="30" />
35-->[com.polidea.rxandroidble2:rxandroidble:1.17.2] AndroidManifest.xml:12:9-35
36    <uses-permission
36-->[com.polidea.rxandroidble2:rxandroidble:1.17.2] AndroidManifest.xml:13:5-15:38
37        android:name="android.permission.BLUETOOTH_ADMIN"
37-->[com.polidea.rxandroidble2:rxandroidble:1.17.2] AndroidManifest.xml:14:9-58
38        android:maxSdkVersion="30" /> <!-- required for API 23 - 30, no android:maxSdkVersion because of a potential breaking change -->
38-->[com.polidea.rxandroidble2:rxandroidble:1.17.2] AndroidManifest.xml:15:9-35
39    <!-- TODO: add android:maxSdkVersion on 2.0.0 -->
40    <uses-permission-sdk-23 android:name="android.permission.ACCESS_COARSE_LOCATION" />
40-->[com.polidea.rxandroidble2:rxandroidble:1.17.2] AndroidManifest.xml:18:5-88
40-->[com.polidea.rxandroidble2:rxandroidble:1.17.2] AndroidManifest.xml:18:29-85
41    <uses-permission-sdk-23 android:name="android.permission.ACCESS_FINE_LOCATION" /> <!-- API 31+ -->
41-->[com.polidea.rxandroidble2:rxandroidble:1.17.2] AndroidManifest.xml:19:5-86
41-->[com.polidea.rxandroidble2:rxandroidble:1.17.2] AndroidManifest.xml:19:29-83
42    <uses-permission android:name="android.permission.BLUETOOTH_CONNECT" />
42-->[com.polidea.rxandroidble2:rxandroidble:1.17.2] AndroidManifest.xml:21:5-76
42-->[com.polidea.rxandroidble2:rxandroidble:1.17.2] AndroidManifest.xml:21:22-73
43    <uses-permission
43-->[com.polidea.rxandroidble2:rxandroidble:1.17.2] AndroidManifest.xml:22:5-25:31
44        android:name="android.permission.BLUETOOTH_SCAN"
44-->[com.polidea.rxandroidble2:rxandroidble:1.17.2] AndroidManifest.xml:23:9-57
45        android:usesPermissionFlags="neverForLocation" />
45-->[com.polidea.rxandroidble2:rxandroidble:1.17.2] AndroidManifest.xml:24:9-55
46    <uses-permission android:name="com.google.android.finsky.permission.BIND_GET_INSTALL_REFERRER_SERVICE" />
46-->[com.android.installreferrer:installreferrer:1.0] AndroidManifest.xml:9:5-110
46-->[com.android.installreferrer:installreferrer:1.0] AndroidManifest.xml:9:22-107
47
48    <application
48-->src\main\AndroidManifest.xml:21:3-31:17
49        android:name="com.myapp1.MainApplication"
49-->src\main\AndroidManifest.xml:21:16-47
50        android:allowBackup="false"
50-->src\main\AndroidManifest.xml:21:162-189
51        android:appComponentFactory="androidx.core.app.CoreComponentFactory"
51-->[androidx.core:core:1.8.0] AndroidManifest.xml:24:18-86
52        android:debuggable="true"
53        android:icon="@mipmap/ic_launcher"
53-->src\main\AndroidManifest.xml:21:81-115
54        android:label="@string/app_name"
54-->src\main\AndroidManifest.xml:21:48-80
55        android:roundIcon="@mipmap/ic_launcher_round"
55-->src\main\AndroidManifest.xml:21:116-161
56        android:theme="@style/AppTheme"
56-->src\main\AndroidManifest.xml:21:190-221
57        android:usesCleartextTraffic="true" >
57-->src\debug\AndroidManifest.xml:6:18-53
58        <meta-data
58-->src\main\AndroidManifest.xml:22:5-103
59            android:name="expo.modules.updates.EXPO_UPDATE_URL"
59-->src\main\AndroidManifest.xml:22:16-67
60            android:value="YOUR-APP-URL-HERE" />
60-->src\main\AndroidManifest.xml:22:68-101
61        <meta-data
61-->src\main\AndroidManifest.xml:23:5-112
62            android:name="expo.modules.updates.EXPO_SDK_VERSION"
62-->src\main\AndroidManifest.xml:23:16-68
63            android:value="YOUR-APP-SDK-VERSION-HERE" />
63-->src\main\AndroidManifest.xml:23:69-110
64
65        <activity
65-->src\main\AndroidManifest.xml:24:5-29:16
66            android:name="com.myapp1.MainActivity"
66-->src\main\AndroidManifest.xml:24:15-43
67            android:configChanges="keyboard|keyboardHidden|orientation|screenSize|uiMode"
67-->src\main\AndroidManifest.xml:24:77-154
68            android:exported="true"
68-->src\main\AndroidManifest.xml:24:276-299
69            android:label="@string/app_name"
69-->src\main\AndroidManifest.xml:24:44-76
70            android:launchMode="singleTask"
70-->src\main\AndroidManifest.xml:24:155-186
71            android:theme="@style/Theme.App.SplashScreen"
71-->src\main\AndroidManifest.xml:24:230-275
72            android:windowSoftInputMode="adjustResize" >
72-->src\main\AndroidManifest.xml:24:187-229
73            <intent-filter>
73-->src\main\AndroidManifest.xml:25:7-28:23
74                <action android:name="android.intent.action.MAIN" />
74-->src\main\AndroidManifest.xml:26:9-60
74-->src\main\AndroidManifest.xml:26:17-58
75
76                <category android:name="android.intent.category.LAUNCHER" />
76-->src\main\AndroidManifest.xml:27:9-68
76-->src\main\AndroidManifest.xml:27:19-66
77            </intent-filter>
78        </activity>
79        <activity
79-->src\main\AndroidManifest.xml:30:5-106
80            android:name="com.facebook.react.devsupport.DevSettingsActivity"
80-->src\main\AndroidManifest.xml:30:15-79
81            android:exported="false" />
81-->src\main\AndroidManifest.xml:30:80-104
82
83        <provider
83-->[:expo-file-system] AndroidManifest.xml:21:9-30:20
84            android:name="expo.modules.filesystem.FileSystemFileProvider"
84-->[:expo-file-system] AndroidManifest.xml:22:13-74
85            android:authorities="com.myapp1.FileSystemFileProvider"
85-->[:expo-file-system] AndroidManifest.xml:23:13-74
86            android:exported="false"
86-->[:expo-file-system] AndroidManifest.xml:24:13-37
87            android:grantUriPermissions="true" >
87-->[:expo-file-system] AndroidManifest.xml:25:13-47
88            <meta-data
88-->[:expo-file-system] AndroidManifest.xml:27:13-29:70
89                android:name="android.support.FILE_PROVIDER_PATHS"
89-->[:expo-file-system] AndroidManifest.xml:28:17-67
90                android:resource="@xml/file_system_provider_paths" />
90-->[:expo-file-system] AndroidManifest.xml:29:17-67
91        </provider>
92
93        <meta-data
93-->[:expo-modules-core] AndroidManifest.xml:9:9-11:89
94            android:name="org.unimodules.core.AppLoader#react-native-headless"
94-->[:expo-modules-core] AndroidManifest.xml:10:13-79
95            android:value="expo.modules.adapters.react.apploader.RNHeadlessAppLoader" />
95-->[:expo-modules-core] AndroidManifest.xml:11:13-86
96        <meta-data
96-->[:expo-modules-core] AndroidManifest.xml:12:9-15:45
97            android:name="com.facebook.soloader.enabled"
97-->[:expo-modules-core] AndroidManifest.xml:13:13-57
98            android:value="true" />
98-->[:expo-modules-core] AndroidManifest.xml:14:13-33
99
100        <provider
100-->[androidx.emoji2:emoji2:1.2.0] AndroidManifest.xml:24:9-32:20
101            android:name="androidx.startup.InitializationProvider"
101-->[androidx.emoji2:emoji2:1.2.0] AndroidManifest.xml:25:13-67
102            android:authorities="com.myapp1.androidx-startup"
102-->[androidx.emoji2:emoji2:1.2.0] AndroidManifest.xml:26:13-68
103            android:exported="false" >
103-->[androidx.emoji2:emoji2:1.2.0] AndroidManifest.xml:27:13-37
104            <meta-data
104-->[androidx.emoji2:emoji2:1.2.0] AndroidManifest.xml:29:13-31:52
105                android:name="androidx.emoji2.text.EmojiCompatInitializer"
105-->[androidx.emoji2:emoji2:1.2.0] AndroidManifest.xml:30:17-75
106                android:value="androidx.startup" />
106-->[androidx.emoji2:emoji2:1.2.0] AndroidManifest.xml:31:17-49
107            <meta-data
107-->[androidx.lifecycle:lifecycle-process:2.6.1] AndroidManifest.xml:29:13-31:52
108                android:name="androidx.lifecycle.ProcessLifecycleInitializer"
108-->[androidx.lifecycle:lifecycle-process:2.6.1] AndroidManifest.xml:30:17-78
109                android:value="androidx.startup" />
109-->[androidx.lifecycle:lifecycle-process:2.6.1] AndroidManifest.xml:31:17-49
110            <meta-data
110-->[androidx.profileinstaller:profileinstaller:1.3.0] AndroidManifest.xml:29:13-31:52
111                android:name="androidx.profileinstaller.ProfileInstallerInitializer"
111-->[androidx.profileinstaller:profileinstaller:1.3.0] AndroidManifest.xml:30:17-85
112                android:value="androidx.startup" />
112-->[androidx.profileinstaller:profileinstaller:1.3.0] AndroidManifest.xml:31:17-49
113        </provider>
114
115        <receiver
115-->[androidx.profileinstaller:profileinstaller:1.3.0] AndroidManifest.xml:34:9-52:20
116            android:name="androidx.profileinstaller.ProfileInstallReceiver"
116-->[androidx.profileinstaller:profileinstaller:1.3.0] AndroidManifest.xml:35:13-76
117            android:directBootAware="false"
117-->[androidx.profileinstaller:profileinstaller:1.3.0] AndroidManifest.xml:36:13-44
118            android:enabled="true"
118-->[androidx.profileinstaller:profileinstaller:1.3.0] AndroidManifest.xml:37:13-35
119            android:exported="true"
119-->[androidx.profileinstaller:profileinstaller:1.3.0] AndroidManifest.xml:38:13-36
120            android:permission="android.permission.DUMP" >
120-->[androidx.profileinstaller:profileinstaller:1.3.0] AndroidManifest.xml:39:13-57
121            <intent-filter>
121-->[androidx.profileinstaller:profileinstaller:1.3.0] AndroidManifest.xml:40:13-42:29
122                <action android:name="androidx.profileinstaller.action.INSTALL_PROFILE" />
122-->[androidx.profileinstaller:profileinstaller:1.3.0] AndroidManifest.xml:41:17-91
122-->[androidx.profileinstaller:profileinstaller:1.3.0] AndroidManifest.xml:41:25-88
123            </intent-filter>
124            <intent-filter>
124-->[androidx.profileinstaller:profileinstaller:1.3.0] AndroidManifest.xml:43:13-45:29
125                <action android:name="androidx.profileinstaller.action.SKIP_FILE" />
125-->[androidx.profileinstaller:profileinstaller:1.3.0] AndroidManifest.xml:44:17-85
125-->[androidx.profileinstaller:profileinstaller:1.3.0] AndroidManifest.xml:44:25-82
126            </intent-filter>
127            <intent-filter>
127-->[androidx.profileinstaller:profileinstaller:1.3.0] AndroidManifest.xml:46:13-48:29
128                <action android:name="androidx.profileinstaller.action.SAVE_PROFILE" />
128-->[androidx.profileinstaller:profileinstaller:1.3.0] AndroidManifest.xml:47:17-88
128-->[androidx.profileinstaller:profileinstaller:1.3.0] AndroidManifest.xml:47:25-85
129            </intent-filter>
130            <intent-filter>
130-->[androidx.profileinstaller:profileinstaller:1.3.0] AndroidManifest.xml:49:13-51:29
131                <action android:name="androidx.profileinstaller.action.BENCHMARK_OPERATION" />
131-->[androidx.profileinstaller:profileinstaller:1.3.0] AndroidManifest.xml:50:17-95
131-->[androidx.profileinstaller:profileinstaller:1.3.0] AndroidManifest.xml:50:25-92
132            </intent-filter>
133        </receiver>
134    </application>
135
136</manifest>